<?xml version="1.0" encoding="UTF-8"?>
<!-- Generated by org.testng.reporters.JUnitReportReporter -->
<testsuite hostname="DESKTOP-Q6AMT1E" failures="0" tests="2" name="Com.Banking.TestCases.TC_001" time="68.884" errors="0" timestamp="2024-02-20T18:09:05 IST" skipped="0">
  <testcase classname="Com.Banking.TestCases.TC_001" name="TC_01" time="36.552"/>
  <system-out/>
  <testcase classname="Com.Banking.TestCases.TC_001" name="TC_01" time="32.332"/>
  <system-out/>
</testsuite> <!-- Com.Banking.TestCases.TC_001 -->
